2025-02-12 00:34:27.707 [info] [main] Log level: Info
2025-02-12 00:34:27.707 [info] [main] Validating found git in: "git"
2025-02-12 00:34:27.707 [info] [main] Using git "2.48.1" from "git"
2025-02-12 00:34:27.707 [info] [Model][doInitialScan] Initial repository scan started
2025-02-12 00:34:27.707 [info] > git rev-parse --show-toplevel [3ms]
2025-02-12 00:34:27.707 [info] fatal: not a git repository (or any parent up to mount point /)
Stopping at filesystem boundary (GIT_DISCOVERY_ACROSS_FILESYSTEM not set).
2025-02-12 00:34:27.712 [info] > git rev-parse --show-toplevel [1ms]
2025-02-12 00:34:27.712 [info] fatal: not a git repository (or any parent up to mount point /)
Stopping at filesystem boundary (GIT_DISCOVERY_ACROSS_FILESYSTEM not set).
2025-02-12 00:34:27.717 [info] > git rev-parse --show-toplevel [1ms]
2025-02-12 00:34:27.717 [info] fatal: not a git repository (or any parent up to mount point /)
Stopping at filesystem boundary (GIT_DISCOVERY_ACROSS_FILESYSTEM not set).
2025-02-12 00:34:27.722 [info] > git rev-parse --show-toplevel [1ms]
2025-02-12 00:34:27.722 [info] fatal: not a git repository (or any parent up to mount point /)
Stopping at filesystem boundary (GIT_DISCOVERY_ACROSS_FILESYSTEM not set).
2025-02-12 00:34:27.726 [info] > git rev-parse --show-toplevel [1ms]
2025-02-12 00:34:27.726 [info] fatal: not a git repository (or any parent up to mount point /)
Stopping at filesystem boundary (GIT_DISCOVERY_ACROSS_FILESYSTEM not set).
2025-02-12 00:34:27.730 [info] > git rev-parse --show-toplevel [1ms]
2025-02-12 00:34:27.730 [info] fatal: not a git repository (or any parent up to mount point /)
Stopping at filesystem boundary (GIT_DISCOVERY_ACROSS_FILESYSTEM not set).
2025-02-12 00:34:27.750 [info] > git rev-parse --show-toplevel [14ms]
2025-02-12 00:34:27.750 [info] fatal: not a git repository (or any parent up to mount point /)
Stopping at filesystem boundary (GIT_DISCOVERY_ACROSS_FILESYSTEM not set).
2025-02-12 00:34:27.758 [info] > git rev-parse --show-toplevel [1ms]
2025-02-12 00:34:27.758 [info] fatal: not a git repository (or any parent up to mount point /)
Stopping at filesystem boundary (GIT_DISCOVERY_ACROSS_FILESYSTEM not set).
2025-02-12 00:34:27.758 [info] [Model][doInitialScan] Initial repository scan completed - repositories (0), closed repositories (0), parent repositories (0), unsafe repositories (0)
2025-02-12 00:34:29.526 [info] > git rev-parse --show-toplevel [1ms]
2025-02-12 00:34:29.526 [info] fatal: not a git repository (or any parent up to mount point /)
Stopping at filesystem boundary (GIT_DISCOVERY_ACROSS_FILESYSTEM not set).
2025-02-12 00:34:38.766 [info] > git rev-parse --show-toplevel [0ms]
2025-02-12 00:34:38.766 [info] fatal: not a git repository (or any parent up to mount point /)
Stopping at filesystem boundary (GIT_DISCOVERY_ACROSS_FILESYSTEM not set).
2025-02-12 00:35:01.046 [info] > git rev-parse --show-toplevel [1ms]
2025-02-12 00:35:01.046 [info] fatal: not a git repository (or any parent up to mount point /)
Stopping at filesystem boundary (GIT_DISCOVERY_ACROSS_FILESYSTEM not set).
