2025-02-12 00:34:27.498 [info] Extension host with pid 81140 started
2025-02-12 00:34:27.498 [info] Skipping acquiring lock for /home/bizarrewind/.config/Code - OSS/User/workspaceStorage/7d5531c6023baf58e86be730a7787a32.
2025-02-12 00:34:27.512 [info] ExtensionService#_doActivateExtension vscode.git-base, startup: true, activationEvent: '*', root cause: vscode.git
2025-02-12 00:34:27.540 [info] ExtensionService#_doActivateExtension vscode.git, startup: true, activationEvent: '*'
2025-02-12 00:34:27.610 [info] ExtensionService#_doActivateExtension vscode.github, startup: true, activationEvent: '*'
2025-02-12 00:34:27.691 [info] Eager extensions activated
2025-02-12 00:34:27.730 [info] ExtensionService#_doActivateExtension vscode.debug-auto-launch, startup: false, activationEvent: 'onStartupFinished'
2025-02-12 00:34:27.736 [info] ExtensionService#_doActivateExtension vscode.merge-conflict, startup: false, activationEvent: 'onStartupFinished'
2025-02-12 00:34:27.763 [info] Extension host with pid 81179 started
2025-02-12 00:34:27.763 [info] Skipping acquiring lock for /home/bizarrewind/.config/Code - OSS/User/workspaceStorage/7d5531c6023baf58e86be730a7787a32.
2025-02-12 00:34:27.767 [info] Eager extensions activated
2025-02-12 00:34:27.768 [info] ExtensionService#_doActivateExtension asvetliakov.vscode-neovim, startup: false, activationEvent: 'onStartupFinished'
2025-02-12 00:34:38.814 [info] ExtensionService#_doActivateExtension vscode.emmet, startup: false, activationEvent: 'onLanguage'
2025-02-12 00:35:15.674 [info] Extension host terminating: renderer closed the MessagePort
2025-02-12 00:35:15.691 [error] Canceled: Canceled
	at jc (file:///usr/lib/code/out/vs/workbench/api/node/extensionHostProcess.js:7:1218)
	at file:///usr/lib/code/out/vs/workbench/api/node/extensionHostProcess.js:29:111857
	at Array.forEach (<anonymous>)
	at Uy.dispose (file:///usr/lib/code/out/vs/workbench/api/node/extensionHostProcess.js:29:111797)
	at PW.terminate (file:///usr/lib/code/out/vs/workbench/api/node/extensionHostProcess.js:116:10082)
	at wC.terminate (file:///usr/lib/code/out/vs/workbench/api/node/extensionHostProcess.js:117:1434)
	at ts (file:///usr/lib/code/out/vs/workbench/api/node/extensionHostProcess.js:190:15080)
	at MessagePortMain.<anonymous> (file:///usr/lib/code/out/vs/workbench/api/node/extensionHostProcess.js:190:11628)
	at MessagePortMain.emit (node:events:518:28)
	at MessagePortMain._internalPort.emit (node:electron/js2c/utility_init:2:2949) neovim:eval {"value":"asvetliakov.vscode-neovim","_lower":"asvetliakov.vscode-neovim"}
2025-02-12 00:35:15.691 [info] Extension host with pid 81179 exiting with code 0
2025-02-12 00:35:15.828 [info] Extension host terminating: renderer closed the MessagePort
2025-02-12 00:35:15.833 [info] Extension host with pid 81140 exiting with code 0
