2025-02-12 00:31:48.658 [info] MessagesManager: 'Init...\n'
2025-02-12 00:31:48.659 [info] MessagesManager: '0% Starting Java Language Server\n'
2025-02-12 00:31:48.777 [info] MessagesManager: 'OK\n'
2025-02-12 00:31:48.778 [info] MessagesManager: "100% Starting Java Language Server - Refreshing '/Lab1_e2651e9d'.\n"
2025-02-12 00:31:48.778 [info] MessagesManager: "1000% Starting Java Language Server - Refreshing '/Lab1_e2651e9d'.\n"
2025-02-12 00:31:48.779 [info] MessagesManager: "1005% Starting Java Language Server - Refreshing '/Lab1_e2651e9d'.\n"
2025-02-12 00:31:48.783 [info] MessagesManager: "1010% Starting Java Language Server - Refreshing '/Lab1_e2651e9d'.\n"
2025-02-12 00:31:48.784 [info] MessagesManager: "1100% Starting Java Language Server - Refreshing '/Lab1_e2651e9d'.\n"
2025-02-12 00:31:48.785 [info] MessagesManager: "1100% Starting Java Language Server - Refreshing '/Lab1_e2651e9d'.\n"
2025-02-12 00:31:48.786 [info] MessagesManager: 'Ready\n'
2025-02-12 00:31:48.797 [info] MessagesManager: "1100% Starting Java Language Server - Refreshing '/Lab1_e2651e9d'.\n"
2025-02-12 00:31:48.808 [info] MessagesManager: 'Updating workspace folders: Adding 1 folder(s), removing 0 folders.\n'
2025-02-12 00:31:48.815 [info] MessagesManager: 'ServiceReady\n'
2025-02-12 00:33:07.619 [info] MessagesManager: '[nvim-treesitter] [0/3] Downloading tree-sitter-jsonc...\n'
2025-02-12 00:33:08.203 [info] MessagesManager: '[nvim-treesitter] [0/3] Creating temporary directory\n'
2025-02-12 00:33:08.205 [info] MessagesManager: '[nvim-treesitter] [0/3] Extracting tree-sitter-jsonc...\n'
2025-02-12 00:33:08.211 [info] MessagesManager: '[nvim-treesitter] [0/3] Creating temporary directory\n'
2025-02-12 00:33:08.212 [info] MessagesManager: '[nvim-treesitter] [0/3] Creating temporary directory\n' +
  'nvim-treesitter[jsonc]: Could not create tree-sitter-jsonc-tmp\n' +
  '\n' +
  'mkdir: cannot create directory ‘tree-sitter-jsonc-tmp’: File exists\n' +
  '\n' +
  '\n' +
  '\n'
2025-02-12 00:33:08.216 [info] MessagesManager: '[nvim-treesitter] [1/3, failed: 1] Compiling...\n'
2025-02-12 00:33:08.338 [info] MessagesManager: '[nvim-treesitter] [2/3, failed: 1] Treesitter parser for jsonc has been installed\n'
2025-02-12 00:33:08.820 [info] MessagesManager: '[nvim-treesitter] [2/3, failed: 1] Creating temporary directory\n'
2025-02-12 00:33:08.821 [info] MessagesManager: '[nvim-treesitter] [2/3, failed: 1] Extracting tree-sitter-jsonc...\n'
2025-02-12 00:33:08.833 [info] MessagesManager: '[nvim-treesitter] [2/3, failed: 1] Compiling...\n'
2025-02-12 00:33:08.950 [info] MessagesManager: '[nvim-treesitter] [3/3, failed: 1] Treesitter parser for jsonc has been installed\n'
